Copyright 1986-2022 Xilinx, Inc. All Rights Reserved. Copyright 2022-2023 Advanced Micro Devices, Inc. All Rights Reserved.
---------------------------------------------------------------------------------------------------------------------------------------------
| Tool Version : Vivado v.2023.1 (win64) Build 3865809 Sun May  7 15:05:29 MDT 2023
| Date         : Wed Sep 10 12:37:02 2025
| Host         : DESKTOP-INFKKCG running 64-bit major release  (build 9200)
| Command      : report_drc -file Y_Converter_drc_opted.rpt -pb Y_Converter_drc_opted.pb -rpx Y_Converter_drc_opted.rpx
| Design       : Y_Converter
| Device       : xczu9eg-ffvb1156-2-e
| Speed File   : -2
| Design State : Synthesized
---------------------------------------------------------------------------------------------------------------------------------------------

Report DRC

Table of Contents
-----------------
1. REPORT SUMMARY
2. REPORT DETAILS

1. REPORT SUMMARY
-----------------
            Netlist: netlist
          Floorplan: design_1
      Design limits: <entire design considered>
           Ruledeck: default
             Max violations: <unlimited>
             Violations found: 2
+--------+------------------+----------------------------+------------+
| Rule   | Severity         | Description                | Violations |
+--------+------------------+----------------------------+------------+
| NSTD-1 | Critical Warning | Unspecified I/O Standard   | 1          |
| UCIO-1 | Critical Warning | Unconstrained Logical Port | 1          |
+--------+------------------+----------------------------+------------+

2. REPORT DETAILS
-----------------
NSTD-1#1 Critical Warning
Unspecified I/O Standard  
40 out of 40 logical ports use I/O standard (IOSTANDARD) value 'DEFAULT', instead of a user assigned specific value. This may cause I/O contention or incompatibility with the board power or connectivity affecting performance, signal integrity or in extreme cases cause damage to the device or the components to which it is connected. To correct this violation, specify all I/O standards. This design will fail to generate a bitstream unless all logical ports have a user specified I/O standard value defined. To allow bitstream creation with unspecified I/O standard values (not recommended), use this command: set_property SEVERITY {Warning} [get_drc_checks NSTD-1].  NOTE: When using the Vivado Runs infrastructure (e.g. launch_runs Tcl command), add this command to a .tcl file and add that file as a pre-hook for write_bitstream step for the implementation run. Problem ports: s_axis_tdata[10], s_axis_tdata[11], s_axis_tdata[12], s_axis_tdata[13],
s_axis_tdata[14], s_axis_tdata[15], s_axis_tdata[16], s_axis_tdata[17],
s_axis_tdata[18], s_axis_tdata[19], s_axis_tdata[20], s_axis_tdata[21],
s_axis_tdata[22], s_axis_tdata[23], s_axis_tdata[9]
 (the first 15 of 33 listed).
Related violations: <none>

UCIO-1#1 Critical Warning
Unconstrained Logical Port  
40 out of 40 logical ports have no user assigned specific location constraint (LOC). This may cause I/O contention or incompatibility with the board power or connectivity affecting performance, signal integrity or in extreme cases cause damage to the device or the components to which it is connected. To correct this violation, specify all pin locations. This design will fail to generate a bitstream unless all logical ports have a user specified site LOC constraint defined.  To allow bitstream creation with unspecified pin locations (not recommended), use this command: set_property SEVERITY {Warning} [get_drc_checks UCIO-1].  NOTE: When using the Vivado Runs infrastructure (e.g. launch_runs Tcl command), add this command to a .tcl file and add that file as a pre-hook for write_bitstream step for the implementation run.  Problem ports: s_axis_tdata[10], s_axis_tdata[11], s_axis_tdata[12], s_axis_tdata[13],
s_axis_tdata[14], s_axis_tdata[15], s_axis_tdata[16], s_axis_tdata[17],
s_axis_tdata[18], s_axis_tdata[19], s_axis_tdata[20], s_axis_tdata[21],
s_axis_tdata[22], s_axis_tdata[23], s_axis_tdata[9]
 (the first 15 of 33 listed).
Related violations: <none>


