Copyright 1986-2022 Xilinx, Inc. All Rights Reserved. Copyright 2022-2023 Advanced Micro Devices, Inc. All Rights Reserved.
-----------------------------------------------------------------------------------------------------------------------------------------------------------------------------------
| Tool Version : Vivado v.2023.1 (win64) Build 3865809 Sun May  7 15:05:29 MDT 2023
| Date         : Mon Sep  8 21:40:56 2025
| Host         : DESKTOP-INFKKCG running 64-bit major release  (build 9200)
| Command      : report_methodology -file Expanding_Layer_methodology_drc_routed.rpt -pb Expanding_Layer_methodology_drc_routed.pb -rpx Expanding_Layer_methodology_drc_routed.rpx
| Design       : Expanding_Layer
| Device       : xczu9eg-ffvb1156-2-e
| Speed File   : -2
| Design State : Fully Routed
-----------------------------------------------------------------------------------------------------------------------------------------------------------------------------------

Report Methodology

Table of Contents
-----------------
1. REPORT SUMMARY
2. REPORT DETAILS

1. REPORT SUMMARY
-----------------
            Netlist: netlist
          Floorplan: design_1
      Design limits: <entire design considered>
             Max violations: <unlimited>
             Violations found: 231
+-----------+----------+-------------------------------+------------+
| Rule      | Severity | Description                   | Violations |
+-----------+----------+-------------------------------+------------+
| TIMING-18 | Warning  | Missing input or output delay | 231        |
+-----------+----------+-------------------------------+------------+

2. REPORT DETAILS
-----------------
TIMING-18#1 Warning
Missing input or output delay  
An input delay is missing on axi_reset_n relative to the rising and/or falling clock edge(s) of axi_clk.
Related violations: <none>

TIMING-18#2 Warning
Missing input or output delay  
An input delay is missing on m_axis_tready relative to the rising and/or falling clock edge(s) of axi_clk.
Related violations: <none>

TIMING-18#3 Warning
Missing input or output delay  
An input delay is missing on s_axis_tdata[0] relative to the rising and/or falling clock edge(s) of axi_clk.
Related violations: <none>

TIMING-18#4 Warning
Missing input or output delay  
An input delay is missing on s_axis_tdata[10] relative to the rising and/or falling clock edge(s) of axi_clk.
Related violations: <none>

TIMING-18#5 Warning
Missing input or output delay  
An input delay is missing on s_axis_tdata[11] relative to the rising and/or falling clock edge(s) of axi_clk.
Related violations: <none>

TIMING-18#6 Warning
Missing input or output delay  
An input delay is missing on s_axis_tdata[12] relative to the rising and/or falling clock edge(s) of axi_clk.
Related violations: <none>

TIMING-18#7 Warning
Missing input or output delay  
An input delay is missing on s_axis_tdata[13] relative to the rising and/or falling clock edge(s) of axi_clk.
Related violations: <none>

TIMING-18#8 Warning
Missing input or output delay  
An input delay is missing on s_axis_tdata[14] relative to the rising and/or falling clock edge(s) of axi_clk.
Related violations: <none>

TIMING-18#9 Warning
Missing input or output delay  
An input delay is missing on s_axis_tdata[15] relative to the rising and/or falling clock edge(s) of axi_clk.
Related violations: <none>

TIMING-18#10 Warning
Missing input or output delay  
An input delay is missing on s_axis_tdata[16] relative to the rising and/or falling clock edge(s) of axi_clk.
Related violations: <none>

TIMING-18#11 Warning
Missing input or output delay  
An input delay is missing on s_axis_tdata[17] relative to the rising and/or falling clock edge(s) of axi_clk.
Related violations: <none>

TIMING-18#12 Warning
Missing input or output delay  
An input delay is missing on s_axis_tdata[18] relative to the rising and/or falling clock edge(s) of axi_clk.
Related violations: <none>

TIMING-18#13 Warning
Missing input or output delay  
An input delay is missing on s_axis_tdata[19] relative to the rising and/or falling clock edge(s) of axi_clk.
Related violations: <none>

TIMING-18#14 Warning
Missing input or output delay  
An input delay is missing on s_axis_tdata[1] relative to the rising and/or falling clock edge(s) of axi_clk.
Related violations: <none>

TIMING-18#15 Warning
Missing input or output delay  
An input delay is missing on s_axis_tdata[20] relative to the rising and/or falling clock edge(s) of axi_clk.
Related violations: <none>

TIMING-18#16 Warning
Missing input or output delay  
An input delay is missing on s_axis_tdata[21] relative to the rising and/or falling clock edge(s) of axi_clk.
Related violations: <none>

TIMING-18#17 Warning
Missing input or output delay  
An input delay is missing on s_axis_tdata[22] relative to the rising and/or falling clock edge(s) of axi_clk.
Related violations: <none>

TIMING-18#18 Warning
Missing input or output delay  
An input delay is missing on s_axis_tdata[23] relative to the rising and/or falling clock edge(s) of axi_clk.
Related violations: <none>

TIMING-18#19 Warning
Missing input or output delay  
An input delay is missing on s_axis_tdata[24] relative to the rising and/or falling clock edge(s) of axi_clk.
Related violations: <none>

TIMING-18#20 Warning
Missing input or output delay  
An input delay is missing on s_axis_tdata[25] relative to the rising and/or falling clock edge(s) of axi_clk.
Related violations: <none>

TIMING-18#21 Warning
Missing input or output delay  
An input delay is missing on s_axis_tdata[26] relative to the rising and/or falling clock edge(s) of axi_clk.
Related violations: <none>

TIMING-18#22 Warning
Missing input or output delay  
An input delay is missing on s_axis_tdata[27] relative to the rising and/or falling clock edge(s) of axi_clk.
Related violations: <none>

TIMING-18#23 Warning
Missing input or output delay  
An input delay is missing on s_axis_tdata[28] relative to the rising and/or falling clock edge(s) of axi_clk.
Related violations: <none>

TIMING-18#24 Warning
Missing input or output delay  
An input delay is missing on s_axis_tdata[29] relative to the rising and/or falling clock edge(s) of axi_clk.
Related violations: <none>

TIMING-18#25 Warning
Missing input or output delay  
An input delay is missing on s_axis_tdata[2] relative to the rising and/or falling clock edge(s) of axi_clk.
Related violations: <none>

TIMING-18#26 Warning
Missing input or output delay  
An input delay is missing on s_axis_tdata[30] relative to the rising and/or falling clock edge(s) of axi_clk.
Related violations: <none>

TIMING-18#27 Warning
Missing input or output delay  
An input delay is missing on s_axis_tdata[31] relative to the rising and/or falling clock edge(s) of axi_clk.
Related violations: <none>

TIMING-18#28 Warning
Missing input or output delay  
An input delay is missing on s_axis_tdata[32] relative to the rising and/or falling clock edge(s) of axi_clk.
Related violations: <none>

TIMING-18#29 Warning
Missing input or output delay  
An input delay is missing on s_axis_tdata[33] relative to the rising and/or falling clock edge(s) of axi_clk.
Related violations: <none>

TIMING-18#30 Warning
Missing input or output delay  
An input delay is missing on s_axis_tdata[34] relative to the rising and/or falling clock edge(s) of axi_clk.
Related violations: <none>

TIMING-18#31 Warning
Missing input or output delay  
An input delay is missing on s_axis_tdata[35] relative to the rising and/or falling clock edge(s) of axi_clk.
Related violations: <none>

TIMING-18#32 Warning
Missing input or output delay  
An input delay is missing on s_axis_tdata[36] relative to the rising and/or falling clock edge(s) of axi_clk.
Related violations: <none>

TIMING-18#33 Warning
Missing input or output delay  
An input delay is missing on s_axis_tdata[37] relative to the rising and/or falling clock edge(s) of axi_clk.
Related violations: <none>

TIMING-18#34 Warning
Missing input or output delay  
An input delay is missing on s_axis_tdata[38] relative to the rising and/or falling clock edge(s) of axi_clk.
Related violations: <none>

TIMING-18#35 Warning
Missing input or output delay  
An input delay is missing on s_axis_tdata[39] relative to the rising and/or falling clock edge(s) of axi_clk.
Related violations: <none>

TIMING-18#36 Warning
Missing input or output delay  
An input delay is missing on s_axis_tdata[3] relative to the rising and/or falling clock edge(s) of axi_clk.
Related violations: <none>

TIMING-18#37 Warning
Missing input or output delay  
An input delay is missing on s_axis_tdata[40] relative to the rising and/or falling clock edge(s) of axi_clk.
Related violations: <none>

TIMING-18#38 Warning
Missing input or output delay  
An input delay is missing on s_axis_tdata[41] relative to the rising and/or falling clock edge(s) of axi_clk.
Related violations: <none>

TIMING-18#39 Warning
Missing input or output delay  
An input delay is missing on s_axis_tdata[42] relative to the rising and/or falling clock edge(s) of axi_clk.
Related violations: <none>

TIMING-18#40 Warning
Missing input or output delay  
An input delay is missing on s_axis_tdata[43] relative to the rising and/or falling clock edge(s) of axi_clk.
Related violations: <none>

TIMING-18#41 Warning
Missing input or output delay  
An input delay is missing on s_axis_tdata[44] relative to the rising and/or falling clock edge(s) of axi_clk.
Related violations: <none>

TIMING-18#42 Warning
Missing input or output delay  
An input delay is missing on s_axis_tdata[45] relative to the rising and/or falling clock edge(s) of axi_clk.
Related violations: <none>

TIMING-18#43 Warning
Missing input or output delay  
An input delay is missing on s_axis_tdata[46] relative to the rising and/or falling clock edge(s) of axi_clk.
Related violations: <none>

TIMING-18#44 Warning
Missing input or output delay  
An input delay is missing on s_axis_tdata[47] relative to the rising and/or falling clock edge(s) of axi_clk.
Related violations: <none>

TIMING-18#45 Warning
Missing input or output delay  
An input delay is missing on s_axis_tdata[48] relative to the rising and/or falling clock edge(s) of axi_clk.
Related violations: <none>

TIMING-18#46 Warning
Missing input or output delay  
An input delay is missing on s_axis_tdata[49] relative to the rising and/or falling clock edge(s) of axi_clk.
Related violations: <none>

TIMING-18#47 Warning
Missing input or output delay  
An input delay is missing on s_axis_tdata[4] relative to the rising and/or falling clock edge(s) of axi_clk.
Related violations: <none>

TIMING-18#48 Warning
Missing input or output delay  
An input delay is missing on s_axis_tdata[50] relative to the rising and/or falling clock edge(s) of axi_clk.
Related violations: <none>

TIMING-18#49 Warning
Missing input or output delay  
An input delay is missing on s_axis_tdata[51] relative to the rising and/or falling clock edge(s) of axi_clk.
Related violations: <none>

TIMING-18#50 Warning
Missing input or output delay  
An input delay is missing on s_axis_tdata[52] relative to the rising and/or falling clock edge(s) of axi_clk.
Related violations: <none>

TIMING-18#51 Warning
Missing input or output delay  
An input delay is missing on s_axis_tdata[53] relative to the rising and/or falling clock edge(s) of axi_clk.
Related violations: <none>

TIMING-18#52 Warning
Missing input or output delay  
An input delay is missing on s_axis_tdata[54] relative to the rising and/or falling clock edge(s) of axi_clk.
Related violations: <none>

TIMING-18#53 Warning
Missing input or output delay  
An input delay is missing on s_axis_tdata[55] relative to the rising and/or falling clock edge(s) of axi_clk.
Related violations: <none>

TIMING-18#54 Warning
Missing input or output delay  
An input delay is missing on s_axis_tdata[56] relative to the rising and/or falling clock edge(s) of axi_clk.
Related violations: <none>

TIMING-18#55 Warning
Missing input or output delay  
An input delay is missing on s_axis_tdata[57] relative to the rising and/or falling clock edge(s) of axi_clk.
Related violations: <none>

TIMING-18#56 Warning
Missing input or output delay  
An input delay is missing on s_axis_tdata[58] relative to the rising and/or falling clock edge(s) of axi_clk.
Related violations: <none>

TIMING-18#57 Warning
Missing input or output delay  
An input delay is missing on s_axis_tdata[59] relative to the rising and/or falling clock edge(s) of axi_clk.
Related violations: <none>

TIMING-18#58 Warning
Missing input or output delay  
An input delay is missing on s_axis_tdata[5] relative to the rising and/or falling clock edge(s) of axi_clk.
Related violations: <none>

TIMING-18#59 Warning
Missing input or output delay  
An input delay is missing on s_axis_tdata[60] relative to the rising and/or falling clock edge(s) of axi_clk.
Related violations: <none>

TIMING-18#60 Warning
Missing input or output delay  
An input delay is missing on s_axis_tdata[61] relative to the rising and/or falling clock edge(s) of axi_clk.
Related violations: <none>

TIMING-18#61 Warning
Missing input or output delay  
An input delay is missing on s_axis_tdata[62] relative to the rising and/or falling clock edge(s) of axi_clk.
Related violations: <none>

TIMING-18#62 Warning
Missing input or output delay  
An input delay is missing on s_axis_tdata[63] relative to the rising and/or falling clock edge(s) of axi_clk.
Related violations: <none>

TIMING-18#63 Warning
Missing input or output delay  
An input delay is missing on s_axis_tdata[64] relative to the rising and/or falling clock edge(s) of axi_clk.
Related violations: <none>

TIMING-18#64 Warning
Missing input or output delay  
An input delay is missing on s_axis_tdata[65] relative to the rising and/or falling clock edge(s) of axi_clk.
Related violations: <none>

TIMING-18#65 Warning
Missing input or output delay  
An input delay is missing on s_axis_tdata[66] relative to the rising and/or falling clock edge(s) of axi_clk.
Related violations: <none>

TIMING-18#66 Warning
Missing input or output delay  
An input delay is missing on s_axis_tdata[67] relative to the rising and/or falling clock edge(s) of axi_clk.
Related violations: <none>

TIMING-18#67 Warning
Missing input or output delay  
An input delay is missing on s_axis_tdata[68] relative to the rising and/or falling clock edge(s) of axi_clk.
Related violations: <none>

TIMING-18#68 Warning
Missing input or output delay  
An input delay is missing on s_axis_tdata[69] relative to the rising and/or falling clock edge(s) of axi_clk.
Related violations: <none>

TIMING-18#69 Warning
Missing input or output delay  
An input delay is missing on s_axis_tdata[6] relative to the rising and/or falling clock edge(s) of axi_clk.
Related violations: <none>

TIMING-18#70 Warning
Missing input or output delay  
An input delay is missing on s_axis_tdata[70] relative to the rising and/or falling clock edge(s) of axi_clk.
Related violations: <none>

TIMING-18#71 Warning
Missing input or output delay  
An input delay is missing on s_axis_tdata[71] relative to the rising and/or falling clock edge(s) of axi_clk.
Related violations: <none>

TIMING-18#72 Warning
Missing input or output delay  
An input delay is missing on s_axis_tdata[72] relative to the rising and/or falling clock edge(s) of axi_clk.
Related violations: <none>

TIMING-18#73 Warning
Missing input or output delay  
An input delay is missing on s_axis_tdata[73] relative to the rising and/or falling clock edge(s) of axi_clk.
Related violations: <none>

TIMING-18#74 Warning
Missing input or output delay  
An input delay is missing on s_axis_tdata[74] relative to the rising and/or falling clock edge(s) of axi_clk.
Related violations: <none>

TIMING-18#75 Warning
Missing input or output delay  
An input delay is missing on s_axis_tdata[75] relative to the rising and/or falling clock edge(s) of axi_clk.
Related violations: <none>

TIMING-18#76 Warning
Missing input or output delay  
An input delay is missing on s_axis_tdata[76] relative to the rising and/or falling clock edge(s) of axi_clk.
Related violations: <none>

TIMING-18#77 Warning
Missing input or output delay  
An input delay is missing on s_axis_tdata[77] relative to the rising and/or falling clock edge(s) of axi_clk.
Related violations: <none>

TIMING-18#78 Warning
Missing input or output delay  
An input delay is missing on s_axis_tdata[78] relative to the rising and/or falling clock edge(s) of axi_clk.
Related violations: <none>

TIMING-18#79 Warning
Missing input or output delay  
An input delay is missing on s_axis_tdata[79] relative to the rising and/or falling clock edge(s) of axi_clk.
Related violations: <none>

TIMING-18#80 Warning
Missing input or output delay  
An input delay is missing on s_axis_tdata[7] relative to the rising and/or falling clock edge(s) of axi_clk.
Related violations: <none>

TIMING-18#81 Warning
Missing input or output delay  
An input delay is missing on s_axis_tdata[80] relative to the rising and/or falling clock edge(s) of axi_clk.
Related violations: <none>

TIMING-18#82 Warning
Missing input or output delay  
An input delay is missing on s_axis_tdata[81] relative to the rising and/or falling clock edge(s) of axi_clk.
Related violations: <none>

TIMING-18#83 Warning
Missing input or output delay  
An input delay is missing on s_axis_tdata[82] relative to the rising and/or falling clock edge(s) of axi_clk.
Related violations: <none>

TIMING-18#84 Warning
Missing input or output delay  
An input delay is missing on s_axis_tdata[83] relative to the rising and/or falling clock edge(s) of axi_clk.
Related violations: <none>

TIMING-18#85 Warning
Missing input or output delay  
An input delay is missing on s_axis_tdata[84] relative to the rising and/or falling clock edge(s) of axi_clk.
Related violations: <none>

TIMING-18#86 Warning
Missing input or output delay  
An input delay is missing on s_axis_tdata[85] relative to the rising and/or falling clock edge(s) of axi_clk.
Related violations: <none>

TIMING-18#87 Warning
Missing input or output delay  
An input delay is missing on s_axis_tdata[86] relative to the rising and/or falling clock edge(s) of axi_clk.
Related violations: <none>

TIMING-18#88 Warning
Missing input or output delay  
An input delay is missing on s_axis_tdata[87] relative to the rising and/or falling clock edge(s) of axi_clk.
Related violations: <none>

TIMING-18#89 Warning
Missing input or output delay  
An input delay is missing on s_axis_tdata[88] relative to the rising and/or falling clock edge(s) of axi_clk.
Related violations: <none>

TIMING-18#90 Warning
Missing input or output delay  
An input delay is missing on s_axis_tdata[89] relative to the rising and/or falling clock edge(s) of axi_clk.
Related violations: <none>

TIMING-18#91 Warning
Missing input or output delay  
An input delay is missing on s_axis_tdata[8] relative to the rising and/or falling clock edge(s) of axi_clk.
Related violations: <none>

TIMING-18#92 Warning
Missing input or output delay  
An input delay is missing on s_axis_tdata[90] relative to the rising and/or falling clock edge(s) of axi_clk.
Related violations: <none>

TIMING-18#93 Warning
Missing input or output delay  
An input delay is missing on s_axis_tdata[91] relative to the rising and/or falling clock edge(s) of axi_clk.
Related violations: <none>

TIMING-18#94 Warning
Missing input or output delay  
An input delay is missing on s_axis_tdata[92] relative to the rising and/or falling clock edge(s) of axi_clk.
Related violations: <none>

TIMING-18#95 Warning
Missing input or output delay  
An input delay is missing on s_axis_tdata[93] relative to the rising and/or falling clock edge(s) of axi_clk.
Related violations: <none>

TIMING-18#96 Warning
Missing input or output delay  
An input delay is missing on s_axis_tdata[94] relative to the rising and/or falling clock edge(s) of axi_clk.
Related violations: <none>

TIMING-18#97 Warning
Missing input or output delay  
An input delay is missing on s_axis_tdata[95] relative to the rising and/or falling clock edge(s) of axi_clk.
Related violations: <none>

TIMING-18#98 Warning
Missing input or output delay  
An input delay is missing on s_axis_tdata[9] relative to the rising and/or falling clock edge(s) of axi_clk.
Related violations: <none>

TIMING-18#99 Warning
Missing input or output delay  
An input delay is missing on s_axis_tvalid relative to the rising and/or falling clock edge(s) of axi_clk.
Related violations: <none>

TIMING-18#100 Warning
Missing input or output delay  
An output delay is missing on EOF relative to the rising and/or falling clock edge(s) of axi_clk.
Related violations: <none>

TIMING-18#101 Warning
Missing input or output delay  
An output delay is missing on EOL relative to the rising and/or falling clock edge(s) of axi_clk.
Related violations: <none>

TIMING-18#102 Warning
Missing input or output delay  
An output delay is missing on m_axis_tdata[0] relative to the rising and/or falling clock edge(s) of axi_clk.
Related violations: <none>

TIMING-18#103 Warning
Missing input or output delay  
An output delay is missing on m_axis_tdata[100] relative to the rising and/or falling clock edge(s) of axi_clk.
Related violations: <none>

TIMING-18#104 Warning
Missing input or output delay  
An output delay is missing on m_axis_tdata[101] relative to the rising and/or falling clock edge(s) of axi_clk.
Related violations: <none>

TIMING-18#105 Warning
Missing input or output delay  
An output delay is missing on m_axis_tdata[102] relative to the rising and/or falling clock edge(s) of axi_clk.
Related violations: <none>

TIMING-18#106 Warning
Missing input or output delay  
An output delay is missing on m_axis_tdata[103] relative to the rising and/or falling clock edge(s) of axi_clk.
Related violations: <none>

TIMING-18#107 Warning
Missing input or output delay  
An output delay is missing on m_axis_tdata[104] relative to the rising and/or falling clock edge(s) of axi_clk.
Related violations: <none>

TIMING-18#108 Warning
Missing input or output delay  
An output delay is missing on m_axis_tdata[105] relative to the rising and/or falling clock edge(s) of axi_clk.
Related violations: <none>

TIMING-18#109 Warning
Missing input or output delay  
An output delay is missing on m_axis_tdata[106] relative to the rising and/or falling clock edge(s) of axi_clk.
Related violations: <none>

TIMING-18#110 Warning
Missing input or output delay  
An output delay is missing on m_axis_tdata[107] relative to the rising and/or falling clock edge(s) of axi_clk.
Related violations: <none>

TIMING-18#111 Warning
Missing input or output delay  
An output delay is missing on m_axis_tdata[108] relative to the rising and/or falling clock edge(s) of axi_clk.
Related violations: <none>

TIMING-18#112 Warning
Missing input or output delay  
An output delay is missing on m_axis_tdata[109] relative to the rising and/or falling clock edge(s) of axi_clk.
Related violations: <none>

TIMING-18#113 Warning
Missing input or output delay  
An output delay is missing on m_axis_tdata[10] relative to the rising and/or falling clock edge(s) of axi_clk.
Related violations: <none>

TIMING-18#114 Warning
Missing input or output delay  
An output delay is missing on m_axis_tdata[110] relative to the rising and/or falling clock edge(s) of axi_clk.
Related violations: <none>

TIMING-18#115 Warning
Missing input or output delay  
An output delay is missing on m_axis_tdata[111] relative to the rising and/or falling clock edge(s) of axi_clk.
Related violations: <none>

TIMING-18#116 Warning
Missing input or output delay  
An output delay is missing on m_axis_tdata[112] relative to the rising and/or falling clock edge(s) of axi_clk.
Related violations: <none>

TIMING-18#117 Warning
Missing input or output delay  
An output delay is missing on m_axis_tdata[113] relative to the rising and/or falling clock edge(s) of axi_clk.
Related violations: <none>

TIMING-18#118 Warning
Missing input or output delay  
An output delay is missing on m_axis_tdata[114] relative to the rising and/or falling clock edge(s) of axi_clk.
Related violations: <none>

TIMING-18#119 Warning
Missing input or output delay  
An output delay is missing on m_axis_tdata[115] relative to the rising and/or falling clock edge(s) of axi_clk.
Related violations: <none>

TIMING-18#120 Warning
Missing input or output delay  
An output delay is missing on m_axis_tdata[116] relative to the rising and/or falling clock edge(s) of axi_clk.
Related violations: <none>

TIMING-18#121 Warning
Missing input or output delay  
An output delay is missing on m_axis_tdata[117] relative to the rising and/or falling clock edge(s) of axi_clk.
Related violations: <none>

TIMING-18#122 Warning
Missing input or output delay  
An output delay is missing on m_axis_tdata[118] relative to the rising and/or falling clock edge(s) of axi_clk.
Related violations: <none>

TIMING-18#123 Warning
Missing input or output delay  
An output delay is missing on m_axis_tdata[119] relative to the rising and/or falling clock edge(s) of axi_clk.
Related violations: <none>

TIMING-18#124 Warning
Missing input or output delay  
An output delay is missing on m_axis_tdata[11] relative to the rising and/or falling clock edge(s) of axi_clk.
Related violations: <none>

TIMING-18#125 Warning
Missing input or output delay  
An output delay is missing on m_axis_tdata[120] relative to the rising and/or falling clock edge(s) of axi_clk.
Related violations: <none>

TIMING-18#126 Warning
Missing input or output delay  
An output delay is missing on m_axis_tdata[121] relative to the rising and/or falling clock edge(s) of axi_clk.
Related violations: <none>

TIMING-18#127 Warning
Missing input or output delay  
An output delay is missing on m_axis_tdata[122] relative to the rising and/or falling clock edge(s) of axi_clk.
Related violations: <none>

TIMING-18#128 Warning
Missing input or output delay  
An output delay is missing on m_axis_tdata[123] relative to the rising and/or falling clock edge(s) of axi_clk.
Related violations: <none>

TIMING-18#129 Warning
Missing input or output delay  
An output delay is missing on m_axis_tdata[124] relative to the rising and/or falling clock edge(s) of axi_clk.
Related violations: <none>

TIMING-18#130 Warning
Missing input or output delay  
An output delay is missing on m_axis_tdata[125] relative to the rising and/or falling clock edge(s) of axi_clk.
Related violations: <none>

TIMING-18#131 Warning
Missing input or output delay  
An output delay is missing on m_axis_tdata[126] relative to the rising and/or falling clock edge(s) of axi_clk.
Related violations: <none>

TIMING-18#132 Warning
Missing input or output delay  
An output delay is missing on m_axis_tdata[127] relative to the rising and/or falling clock edge(s) of axi_clk.
Related violations: <none>

TIMING-18#133 Warning
Missing input or output delay  
An output delay is missing on m_axis_tdata[12] relative to the rising and/or falling clock edge(s) of axi_clk.
Related violations: <none>

TIMING-18#134 Warning
Missing input or output delay  
An output delay is missing on m_axis_tdata[13] relative to the rising and/or falling clock edge(s) of axi_clk.
Related violations: <none>

TIMING-18#135 Warning
Missing input or output delay  
An output delay is missing on m_axis_tdata[14] relative to the rising and/or falling clock edge(s) of axi_clk.
Related violations: <none>

TIMING-18#136 Warning
Missing input or output delay  
An output delay is missing on m_axis_tdata[15] relative to the rising and/or falling clock edge(s) of axi_clk.
Related violations: <none>

TIMING-18#137 Warning
Missing input or output delay  
An output delay is missing on m_axis_tdata[16] relative to the rising and/or falling clock edge(s) of axi_clk.
Related violations: <none>

TIMING-18#138 Warning
Missing input or output delay  
An output delay is missing on m_axis_tdata[17] relative to the rising and/or falling clock edge(s) of axi_clk.
Related violations: <none>

TIMING-18#139 Warning
Missing input or output delay  
An output delay is missing on m_axis_tdata[18] relative to the rising and/or falling clock edge(s) of axi_clk.
Related violations: <none>

TIMING-18#140 Warning
Missing input or output delay  
An output delay is missing on m_axis_tdata[19] relative to the rising and/or falling clock edge(s) of axi_clk.
Related violations: <none>

TIMING-18#141 Warning
Missing input or output delay  
An output delay is missing on m_axis_tdata[1] relative to the rising and/or falling clock edge(s) of axi_clk.
Related violations: <none>

TIMING-18#142 Warning
Missing input or output delay  
An output delay is missing on m_axis_tdata[20] relative to the rising and/or falling clock edge(s) of axi_clk.
Related violations: <none>

TIMING-18#143 Warning
Missing input or output delay  
An output delay is missing on m_axis_tdata[21] relative to the rising and/or falling clock edge(s) of axi_clk.
Related violations: <none>

TIMING-18#144 Warning
Missing input or output delay  
An output delay is missing on m_axis_tdata[22] relative to the rising and/or falling clock edge(s) of axi_clk.
Related violations: <none>

TIMING-18#145 Warning
Missing input or output delay  
An output delay is missing on m_axis_tdata[23] relative to the rising and/or falling clock edge(s) of axi_clk.
Related violations: <none>

TIMING-18#146 Warning
Missing input or output delay  
An output delay is missing on m_axis_tdata[24] relative to the rising and/or falling clock edge(s) of axi_clk.
Related violations: <none>

TIMING-18#147 Warning
Missing input or output delay  
An output delay is missing on m_axis_tdata[25] relative to the rising and/or falling clock edge(s) of axi_clk.
Related violations: <none>

TIMING-18#148 Warning
Missing input or output delay  
An output delay is missing on m_axis_tdata[26] relative to the rising and/or falling clock edge(s) of axi_clk.
Related violations: <none>

TIMING-18#149 Warning
Missing input or output delay  
An output delay is missing on m_axis_tdata[27] relative to the rising and/or falling clock edge(s) of axi_clk.
Related violations: <none>

TIMING-18#150 Warning
Missing input or output delay  
An output delay is missing on m_axis_tdata[28] relative to the rising and/or falling clock edge(s) of axi_clk.
Related violations: <none>

TIMING-18#151 Warning
Missing input or output delay  
An output delay is missing on m_axis_tdata[29] relative to the rising and/or falling clock edge(s) of axi_clk.
Related violations: <none>

TIMING-18#152 Warning
Missing input or output delay  
An output delay is missing on m_axis_tdata[2] relative to the rising and/or falling clock edge(s) of axi_clk.
Related violations: <none>

TIMING-18#153 Warning
Missing input or output delay  
An output delay is missing on m_axis_tdata[30] relative to the rising and/or falling clock edge(s) of axi_clk.
Related violations: <none>

TIMING-18#154 Warning
Missing input or output delay  
An output delay is missing on m_axis_tdata[31] relative to the rising and/or falling clock edge(s) of axi_clk.
Related violations: <none>

TIMING-18#155 Warning
Missing input or output delay  
An output delay is missing on m_axis_tdata[32] relative to the rising and/or falling clock edge(s) of axi_clk.
Related violations: <none>

TIMING-18#156 Warning
Missing input or output delay  
An output delay is missing on m_axis_tdata[33] relative to the rising and/or falling clock edge(s) of axi_clk.
Related violations: <none>

TIMING-18#157 Warning
Missing input or output delay  
An output delay is missing on m_axis_tdata[34] relative to the rising and/or falling clock edge(s) of axi_clk.
Related violations: <none>

TIMING-18#158 Warning
Missing input or output delay  
An output delay is missing on m_axis_tdata[35] relative to the rising and/or falling clock edge(s) of axi_clk.
Related violations: <none>

TIMING-18#159 Warning
Missing input or output delay  
An output delay is missing on m_axis_tdata[36] relative to the rising and/or falling clock edge(s) of axi_clk.
Related violations: <none>

TIMING-18#160 Warning
Missing input or output delay  
An output delay is missing on m_axis_tdata[37] relative to the rising and/or falling clock edge(s) of axi_clk.
Related violations: <none>

TIMING-18#161 Warning
Missing input or output delay  
An output delay is missing on m_axis_tdata[38] relative to the rising and/or falling clock edge(s) of axi_clk.
Related violations: <none>

TIMING-18#162 Warning
Missing input or output delay  
An output delay is missing on m_axis_tdata[39] relative to the rising and/or falling clock edge(s) of axi_clk.
Related violations: <none>

TIMING-18#163 Warning
Missing input or output delay  
An output delay is missing on m_axis_tdata[3] relative to the rising and/or falling clock edge(s) of axi_clk.
Related violations: <none>

TIMING-18#164 Warning
Missing input or output delay  
An output delay is missing on m_axis_tdata[40] relative to the rising and/or falling clock edge(s) of axi_clk.
Related violations: <none>

TIMING-18#165 Warning
Missing input or output delay  
An output delay is missing on m_axis_tdata[41] relative to the rising and/or falling clock edge(s) of axi_clk.
Related violations: <none>

TIMING-18#166 Warning
Missing input or output delay  
An output delay is missing on m_axis_tdata[42] relative to the rising and/or falling clock edge(s) of axi_clk.
Related violations: <none>

TIMING-18#167 Warning
Missing input or output delay  
An output delay is missing on m_axis_tdata[43] relative to the rising and/or falling clock edge(s) of axi_clk.
Related violations: <none>

TIMING-18#168 Warning
Missing input or output delay  
An output delay is missing on m_axis_tdata[44] relative to the rising and/or falling clock edge(s) of axi_clk.
Related violations: <none>

TIMING-18#169 Warning
Missing input or output delay  
An output delay is missing on m_axis_tdata[45] relative to the rising and/or falling clock edge(s) of axi_clk.
Related violations: <none>

TIMING-18#170 Warning
Missing input or output delay  
An output delay is missing on m_axis_tdata[46] relative to the rising and/or falling clock edge(s) of axi_clk.
Related violations: <none>

TIMING-18#171 Warning
Missing input or output delay  
An output delay is missing on m_axis_tdata[47] relative to the rising and/or falling clock edge(s) of axi_clk.
Related violations: <none>

TIMING-18#172 Warning
Missing input or output delay  
An output delay is missing on m_axis_tdata[48] relative to the rising and/or falling clock edge(s) of axi_clk.
Related violations: <none>

TIMING-18#173 Warning
Missing input or output delay  
An output delay is missing on m_axis_tdata[49] relative to the rising and/or falling clock edge(s) of axi_clk.
Related violations: <none>

TIMING-18#174 Warning
Missing input or output delay  
An output delay is missing on m_axis_tdata[4] relative to the rising and/or falling clock edge(s) of axi_clk.
Related violations: <none>

TIMING-18#175 Warning
Missing input or output delay  
An output delay is missing on m_axis_tdata[50] relative to the rising and/or falling clock edge(s) of axi_clk.
Related violations: <none>

TIMING-18#176 Warning
Missing input or output delay  
An output delay is missing on m_axis_tdata[51] relative to the rising and/or falling clock edge(s) of axi_clk.
Related violations: <none>

TIMING-18#177 Warning
Missing input or output delay  
An output delay is missing on m_axis_tdata[52] relative to the rising and/or falling clock edge(s) of axi_clk.
Related violations: <none>

TIMING-18#178 Warning
Missing input or output delay  
An output delay is missing on m_axis_tdata[53] relative to the rising and/or falling clock edge(s) of axi_clk.
Related violations: <none>

TIMING-18#179 Warning
Missing input or output delay  
An output delay is missing on m_axis_tdata[54] relative to the rising and/or falling clock edge(s) of axi_clk.
Related violations: <none>

TIMING-18#180 Warning
Missing input or output delay  
An output delay is missing on m_axis_tdata[55] relative to the rising and/or falling clock edge(s) of axi_clk.
Related violations: <none>

TIMING-18#181 Warning
Missing input or output delay  
An output delay is missing on m_axis_tdata[56] relative to the rising and/or falling clock edge(s) of axi_clk.
Related violations: <none>

TIMING-18#182 Warning
Missing input or output delay  
An output delay is missing on m_axis_tdata[57] relative to the rising and/or falling clock edge(s) of axi_clk.
Related violations: <none>

TIMING-18#183 Warning
Missing input or output delay  
An output delay is missing on m_axis_tdata[58] relative to the rising and/or falling clock edge(s) of axi_clk.
Related violations: <none>

TIMING-18#184 Warning
Missing input or output delay  
An output delay is missing on m_axis_tdata[59] relative to the rising and/or falling clock edge(s) of axi_clk.
Related violations: <none>

TIMING-18#185 Warning
Missing input or output delay  
An output delay is missing on m_axis_tdata[5] relative to the rising and/or falling clock edge(s) of axi_clk.
Related violations: <none>

TIMING-18#186 Warning
Missing input or output delay  
An output delay is missing on m_axis_tdata[60] relative to the rising and/or falling clock edge(s) of axi_clk.
Related violations: <none>

TIMING-18#187 Warning
Missing input or output delay  
An output delay is missing on m_axis_tdata[61] relative to the rising and/or falling clock edge(s) of axi_clk.
Related violations: <none>

TIMING-18#188 Warning
Missing input or output delay  
An output delay is missing on m_axis_tdata[62] relative to the rising and/or falling clock edge(s) of axi_clk.
Related violations: <none>

TIMING-18#189 Warning
Missing input or output delay  
An output delay is missing on m_axis_tdata[63] relative to the rising and/or falling clock edge(s) of axi_clk.
Related violations: <none>

TIMING-18#190 Warning
Missing input or output delay  
An output delay is missing on m_axis_tdata[64] relative to the rising and/or falling clock edge(s) of axi_clk.
Related violations: <none>

TIMING-18#191 Warning
Missing input or output delay  
An output delay is missing on m_axis_tdata[65] relative to the rising and/or falling clock edge(s) of axi_clk.
Related violations: <none>

TIMING-18#192 Warning
Missing input or output delay  
An output delay is missing on m_axis_tdata[66] relative to the rising and/or falling clock edge(s) of axi_clk.
Related violations: <none>

TIMING-18#193 Warning
Missing input or output delay  
An output delay is missing on m_axis_tdata[67] relative to the rising and/or falling clock edge(s) of axi_clk.
Related violations: <none>

TIMING-18#194 Warning
Missing input or output delay  
An output delay is missing on m_axis_tdata[68] relative to the rising and/or falling clock edge(s) of axi_clk.
Related violations: <none>

TIMING-18#195 Warning
Missing input or output delay  
An output delay is missing on m_axis_tdata[69] relative to the rising and/or falling clock edge(s) of axi_clk.
Related violations: <none>

TIMING-18#196 Warning
Missing input or output delay  
An output delay is missing on m_axis_tdata[6] relative to the rising and/or falling clock edge(s) of axi_clk.
Related violations: <none>

TIMING-18#197 Warning
Missing input or output delay  
An output delay is missing on m_axis_tdata[70] relative to the rising and/or falling clock edge(s) of axi_clk.
Related violations: <none>

TIMING-18#198 Warning
Missing input or output delay  
An output delay is missing on m_axis_tdata[71] relative to the rising and/or falling clock edge(s) of axi_clk.
Related violations: <none>

TIMING-18#199 Warning
Missing input or output delay  
An output delay is missing on m_axis_tdata[72] relative to the rising and/or falling clock edge(s) of axi_clk.
Related violations: <none>

TIMING-18#200 Warning
Missing input or output delay  
An output delay is missing on m_axis_tdata[73] relative to the rising and/or falling clock edge(s) of axi_clk.
Related violations: <none>

TIMING-18#201 Warning
Missing input or output delay  
An output delay is missing on m_axis_tdata[74] relative to the rising and/or falling clock edge(s) of axi_clk.
Related violations: <none>

TIMING-18#202 Warning
Missing input or output delay  
An output delay is missing on m_axis_tdata[75] relative to the rising and/or falling clock edge(s) of axi_clk.
Related violations: <none>

TIMING-18#203 Warning
Missing input or output delay  
An output delay is missing on m_axis_tdata[76] relative to the rising and/or falling clock edge(s) of axi_clk.
Related violations: <none>

TIMING-18#204 Warning
Missing input or output delay  
An output delay is missing on m_axis_tdata[77] relative to the rising and/or falling clock edge(s) of axi_clk.
Related violations: <none>

TIMING-18#205 Warning
Missing input or output delay  
An output delay is missing on m_axis_tdata[78] relative to the rising and/or falling clock edge(s) of axi_clk.
Related violations: <none>

TIMING-18#206 Warning
Missing input or output delay  
An output delay is missing on m_axis_tdata[79] relative to the rising and/or falling clock edge(s) of axi_clk.
Related violations: <none>

TIMING-18#207 Warning
Missing input or output delay  
An output delay is missing on m_axis_tdata[7] relative to the rising and/or falling clock edge(s) of axi_clk.
Related violations: <none>

TIMING-18#208 Warning
Missing input or output delay  
An output delay is missing on m_axis_tdata[80] relative to the rising and/or falling clock edge(s) of axi_clk.
Related violations: <none>

TIMING-18#209 Warning
Missing input or output delay  
An output delay is missing on m_axis_tdata[81] relative to the rising and/or falling clock edge(s) of axi_clk.
Related violations: <none>

TIMING-18#210 Warning
Missing input or output delay  
An output delay is missing on m_axis_tdata[82] relative to the rising and/or falling clock edge(s) of axi_clk.
Related violations: <none>

TIMING-18#211 Warning
Missing input or output delay  
An output delay is missing on m_axis_tdata[83] relative to the rising and/or falling clock edge(s) of axi_clk.
Related violations: <none>

TIMING-18#212 Warning
Missing input or output delay  
An output delay is missing on m_axis_tdata[84] relative to the rising and/or falling clock edge(s) of axi_clk.
Related violations: <none>

TIMING-18#213 Warning
Missing input or output delay  
An output delay is missing on m_axis_tdata[85] relative to the rising and/or falling clock edge(s) of axi_clk.
Related violations: <none>

TIMING-18#214 Warning
Missing input or output delay  
An output delay is missing on m_axis_tdata[86] relative to the rising and/or falling clock edge(s) of axi_clk.
Related violations: <none>

TIMING-18#215 Warning
Missing input or output delay  
An output delay is missing on m_axis_tdata[87] relative to the rising and/or falling clock edge(s) of axi_clk.
Related violations: <none>

TIMING-18#216 Warning
Missing input or output delay  
An output delay is missing on m_axis_tdata[88] relative to the rising and/or falling clock edge(s) of axi_clk.
Related violations: <none>

TIMING-18#217 Warning
Missing input or output delay  
An output delay is missing on m_axis_tdata[89] relative to the rising and/or falling clock edge(s) of axi_clk.
Related violations: <none>

TIMING-18#218 Warning
Missing input or output delay  
An output delay is missing on m_axis_tdata[8] relative to the rising and/or falling clock edge(s) of axi_clk.
Related violations: <none>

TIMING-18#219 Warning
Missing input or output delay  
An output delay is missing on m_axis_tdata[90] relative to the rising and/or falling clock edge(s) of axi_clk.
Related violations: <none>

TIMING-18#220 Warning
Missing input or output delay  
An output delay is missing on m_axis_tdata[91] relative to the rising and/or falling clock edge(s) of axi_clk.
Related violations: <none>

TIMING-18#221 Warning
Missing input or output delay  
An output delay is missing on m_axis_tdata[92] relative to the rising and/or falling clock edge(s) of axi_clk.
Related violations: <none>

TIMING-18#222 Warning
Missing input or output delay  
An output delay is missing on m_axis_tdata[93] relative to the rising and/or falling clock edge(s) of axi_clk.
Related violations: <none>

TIMING-18#223 Warning
Missing input or output delay  
An output delay is missing on m_axis_tdata[94] relative to the rising and/or falling clock edge(s) of axi_clk.
Related violations: <none>

TIMING-18#224 Warning
Missing input or output delay  
An output delay is missing on m_axis_tdata[95] relative to the rising and/or falling clock edge(s) of axi_clk.
Related violations: <none>

TIMING-18#225 Warning
Missing input or output delay  
An output delay is missing on m_axis_tdata[96] relative to the rising and/or falling clock edge(s) of axi_clk.
Related violations: <none>

TIMING-18#226 Warning
Missing input or output delay  
An output delay is missing on m_axis_tdata[97] relative to the rising and/or falling clock edge(s) of axi_clk.
Related violations: <none>

TIMING-18#227 Warning
Missing input or output delay  
An output delay is missing on m_axis_tdata[98] relative to the rising and/or falling clock edge(s) of axi_clk.
Related violations: <none>

TIMING-18#228 Warning
Missing input or output delay  
An output delay is missing on m_axis_tdata[99] relative to the rising and/or falling clock edge(s) of axi_clk.
Related violations: <none>

TIMING-18#229 Warning
Missing input or output delay  
An output delay is missing on m_axis_tdata[9] relative to the rising and/or falling clock edge(s) of axi_clk.
Related violations: <none>

TIMING-18#230 Warning
Missing input or output delay  
An output delay is missing on m_axis_tvalid relative to the rising and/or falling clock edge(s) of axi_clk.
Related violations: <none>

TIMING-18#231 Warning
Missing input or output delay  
An output delay is missing on s_axis_tready relative to the rising and/or falling clock edge(s) of axi_clk.
Related violations: <none>


